<?xml version="1.0" encoding="UTF-8"?>
<!-- Generated by org.testng.reporters.JUnitXMLReporter -->
<testsuite ignored="0" hostname="LWO1-LHP-A05087" failures="0" tests="4" name="Default test" time="3.562" errors="0" timestamp="2022-02-19T21:24:16 EET">
  <testcase classname="DinamicJson" name="Addbook" time="2.19"/>
  <testcase classname="DinamicJson" name="Addbook" time="0.445"/>
  <testcase classname="DinamicJson" name="Addbook" time="0.436"/>
  <testcase classname="DinamicJson" name="deleteBook" time="0.444"/>
</testsuite> <!-- Default test -->
